{"C:\\Users\\daze\\Desktop\\SharpTimer\\dist\\src\\stopwatch.js":{"path":"C:\\Users\\daze\\Desktop\\SharpTimer\\dist\\src\\stopwatch.js","s":{"1":1,"2":1,"3":1,"4":1,"5":12,"6":12,"7":12,"8":12,"9":1,"10":0,"11":0,"12":0,"13":0,"14":0,"15":0,"16":0,"17":0,"18":1,"19":31,"20":1,"21":0,"22":1,"23":0,"24":1,"25":0,"26":1,"27":484,"28":1,"29":1,"30":1,"31":1,"32":1,"33":12,"34":12,"35":12,"36":12,"37":460,"38":442,"39":18,"40":12,"41":1,"42":3,"43":1,"44":3,"45":3,"46":3,"47":1,"48":1,"49":1,"50":1,"51":10,"52":10,"53":11,"54":1,"55":0,"56":0,"57":0,"58":1,"59":1},"b":{"1":[12,0],"2":[442,18],"3":[0,0],"4":[0,0]},"f":{"1":1,"2":12,"3":0,"4":31,"5":0,"6":0,"7":0,"8":484,"9":1,"10":12,"11":460,"12":3,"13":3,"14":1,"15":10,"16":11,"17":0},"fnMap":{"1":{"name":"(anonymous_1)","line":4,"loc":{"start":{"line":4,"column":17},"end":{"line":4,"column":29}}},"2":{"name":"Stopwatch","line":5,"loc":{"start":{"line":5,"column":4},"end":{"line":5,"column":25}}},"3":{"name":"(anonymous_3)","line":13,"loc":{"start":{"line":13,"column":13},"end":{"line":13,"column":25}}},"4":{"name":"(anonymous_4)","line":27,"loc":{"start":{"line":27,"column":13},"end":{"line":27,"column":25}}},"5":{"name":"(anonymous_5)","line":34,"loc":{"start":{"line":34,"column":13},"end":{"line":34,"column":25}}},"6":{"name":"(anonymous_6)","line":41,"loc":{"start":{"line":41,"column":13},"end":{"line":41,"column":25}}},"7":{"name":"(anonymous_7)","line":48,"loc":{"start":{"line":48,"column":13},"end":{"line":48,"column":25}}},"8":{"name":"(anonymous_8)","line":55,"loc":{"start":{"line":55,"column":13},"end":{"line":55,"column":25}}},"9":{"name":"(anonymous_9)","line":61,"loc":{"start":{"line":61,"column":25},"end":{"line":61,"column":37}}},"10":{"name":"(anonymous_10)","line":66,"loc":{"start":{"line":66,"column":32},"end":{"line":66,"column":44}}},"11":{"name":"(anonymous_11)","line":71,"loc":{"start":{"line":71,"column":37},"end":{"line":71,"column":49}}},"12":{"name":"(anonymous_12)","line":80,"loc":{"start":{"line":80,"column":31},"end":{"line":80,"column":43}}},"13":{"name":"(anonymous_13)","line":83,"loc":{"start":{"line":83,"column":32},"end":{"line":83,"column":44}}},"14":{"name":"(anonymous_14)","line":88,"loc":{"start":{"line":88,"column":34},"end":{"line":88,"column":46}}},"15":{"name":"(anonymous_15)","line":92,"loc":{"start":{"line":92,"column":34},"end":{"line":92,"column":46}}},"16":{"name":"(anonymous_16)","line":94,"loc":{"start":{"line":94,"column":34},"end":{"line":94,"column":56}}},"17":{"name":"(anonymous_17)","line":98,"loc":{"start":{"line":98,"column":41},"end":{"line":98,"column":56}}}},"statementMap":{"1":{"start":{"line":2,"column":0},"end":{"line":2,"column":62}},"2":{"start":{"line":3,"column":0},"end":{"line":3,"column":41}},"3":{"start":{"line":4,"column":0},"end":{"line":104,"column":5}},"4":{"start":{"line":5,"column":4},"end":{"line":11,"column":5}},"5":{"start":{"line":7,"column":8},"end":{"line":7,"column":47}},"6":{"start":{"line":8,"column":8},"end":{"line":8,"column":40}},"7":{"start":{"line":9,"column":8},"end":{"line":9,"column":38}},"8":{"start":{"line":10,"column":8},"end":{"line":10,"column":32}},"9":{"start":{"line":12,"column":4},"end":{"line":25,"column":7}},"10":{"start":{"line":14,"column":12},"end":{"line":14,"column":54}},"11":{"start":{"line":15,"column":12},"end":{"line":15,"column":83}},"12":{"start":{"line":16,"column":12},"end":{"line":16,"column":46}},"13":{"start":{"line":17,"column":12},"end":{"line":17,"column":83}},"14":{"start":{"line":18,"column":12},"end":{"line":18,"column":46}},"15":{"start":{"line":19,"column":12},"end":{"line":19,"column":81}},"16":{"start":{"line":20,"column":12},"end":{"line":20,"column":45}},"17":{"start":{"line":21,"column":12},"end":{"line":21,"column":60}},"18":{"start":{"line":26,"column":4},"end":{"line":32,"column":7}},"19":{"start":{"line":28,"column":12},"end":{"line":28,"column":45}},"20":{"start":{"line":33,"column":4},"end":{"line":39,"column":7}},"21":{"start":{"line":35,"column":12},"end":{"line":35,"column":75}},"22":{"start":{"line":40,"column":4},"end":{"line":46,"column":7}},"23":{"start":{"line":42,"column":12},"end":{"line":42,"column":87}},"24":{"start":{"line":47,"column":4},"end":{"line":53,"column":7}},"25":{"start":{"line":49,"column":12},"end":{"line":49,"column":85}},"26":{"start":{"line":54,"column":4},"end":{"line":60,"column":7}},"27":{"start":{"line":56,"column":12},"end":{"line":56,"column":35}},"28":{"start":{"line":61,"column":4},"end":{"line":65,"column":6}},"29":{"start":{"line":62,"column":8},"end":{"line":62,"column":40}},"30":{"start":{"line":63,"column":8},"end":{"line":63,"column":26}},"31":{"start":{"line":64,"column":8},"end":{"line":64,"column":25}},"32":{"start":{"line":66,"column":4},"end":{"line":79,"column":6}},"33":{"start":{"line":67,"column":8},"end":{"line":67,"column":25}},"34":{"start":{"line":68,"column":8},"end":{"line":70,"column":9}},"35":{"start":{"line":69,"column":12},"end":{"line":69,"column":35}},"36":{"start":{"line":71,"column":8},"end":{"line":77,"column":11}},"37":{"start":{"line":72,"column":12},"end":{"line":76,"column":23}},"38":{"start":{"line":73,"column":16},"end":{"line":73,"column":87}},"39":{"start":{"line":76,"column":16},"end":{"line":76,"column":23}},"40":{"start":{"line":78,"column":8},"end":{"line":78,"column":43}},"41":{"start":{"line":80,"column":4},"end":{"line":82,"column":6}},"42":{"start":{"line":81,"column":8},"end":{"line":81,"column":32}},"43":{"start":{"line":83,"column":4},"end":{"line":87,"column":6}},"44":{"start":{"line":84,"column":8},"end":{"line":84,"column":32}},"45":{"start":{"line":85,"column":8},"end":{"line":85,"column":47}},"46":{"start":{"line":86,"column":8},"end":{"line":86,"column":38}},"47":{"start":{"line":88,"column":4},"end":{"line":91,"column":6}},"48":{"start":{"line":89,"column":8},"end":{"line":89,"column":21}},"49":{"start":{"line":90,"column":8},"end":{"line":90,"column":21}},"50":{"start":{"line":92,"column":4},"end":{"line":97,"column":6}},"51":{"start":{"line":93,"column":8},"end":{"line":93,"column":32}},"52":{"start":{"line":94,"column":8},"end":{"line":96,"column":11}},"53":{"start":{"line":95,"column":12},"end":{"line":95,"column":38}},"54":{"start":{"line":98,"column":4},"end":{"line":102,"column":6}},"55":{"start":{"line":99,"column":8},"end":{"line":99,"column":45}},"56":{"start":{"line":100,"column":8},"end":{"line":100,"column":64}},"57":{"start":{"line":101,"column":8},"end":{"line":101,"column":82}},"58":{"start":{"line":103,"column":4},"end":{"line":103,"column":21}},"59":{"start":{"line":105,"column":0},"end":{"line":105,"column":30}}},"branchMap":{"1":{"line":68,"type":"if","locations":[{"start":{"line":68,"column":8},"end":{"line":68,"column":8}},{"start":{"line":68,"column":8},"end":{"line":68,"column":8}}]},"2":{"line":72,"type":"if","locations":[{"start":{"line":72,"column":12},"end":{"line":72,"column":12}},{"start":{"line":72,"column":12},"end":{"line":72,"column":12}}]},"3":{"line":100,"type":"cond-expr","locations":[{"start":{"line":100,"column":47},"end":{"line":100,"column":56}},{"start":{"line":100,"column":60},"end":{"line":100,"column":63}}]},"4":{"line":101,"type":"cond-expr","locations":[{"start":{"line":101,"column":42},"end":{"line":101,"column":66}},{"start":{"line":101,"column":69},"end":{"line":101,"column":81}}]}}},"C:\\Users\\daze\\Desktop\\SharpTimer\\dist\\src\\constants.js":{"path":"C:\\Users\\daze\\Desktop\\SharpTimer\\dist\\src\\constants.js","s":{"1":1,"2":1,"3":1,"4":1,"5":1},"b":{},"f":{},"fnMap":{},"statementMap":{"1":{"start":{"line":2,"column":0},"end":{"line":2,"column":62}},"2":{"start":{"line":3,"column":0},"end":{"line":3,"column":31}},"3":{"start":{"line":4,"column":0},"end":{"line":4,"column":55}},"4":{"start":{"line":5,"column":0},"end":{"line":5,"column":53}},"5":{"start":{"line":6,"column":0},"end":{"line":6,"column":50}}},"branchMap":{}},"C:\\Users\\daze\\Desktop\\SharpTimer\\dist\\src\\timer.js":{"path":"C:\\Users\\daze\\Desktop\\SharpTimer\\dist\\src\\timer.js","s":{"1":1,"2":1,"3":1,"4":16,"5":15,"6":15,"7":15,"8":15,"9":15,"10":1,"11":16,"12":1,"13":13,"14":1,"15":22,"16":5,"17":5,"18":5,"19":5,"20":1,"21":1,"22":1,"23":8,"24":8,"25":8,"26":7,"27":5,"28":5,"29":2,"30":1,"31":1,"32":1,"33":1,"34":1,"35":1,"36":0,"37":1,"38":1,"39":8,"40":1,"41":2,"42":1,"43":1,"44":1,"45":5,"46":1,"47":1,"48":1,"49":1,"50":1,"51":7,"52":7,"53":7,"54":7,"55":7,"56":7,"57":1,"58":14,"59":14,"60":1,"61":21,"62":1,"63":1,"64":1},"b":{"1":[5,0],"2":[5,2],"3":[7,7,6],"4":[1,1],"5":[2,2,1],"6":[0,1],"7":[1,0],"8":[5,9],"9":[1,20]},"f":{"1":1,"2":16,"3":16,"4":13,"5":22,"6":5,"7":8,"8":7,"9":2,"10":1,"11":5,"12":1,"13":1,"14":7,"15":14,"16":21},"fnMap":{"1":{"name":"(anonymous_1)","line":3,"loc":{"start":{"line":3,"column":13},"end":{"line":3,"column":25}}},"2":{"name":"Timer","line":4,"loc":{"start":{"line":4,"column":4},"end":{"line":4,"column":29}}},"3":{"name":"(anonymous_3)","line":14,"loc":{"start":{"line":14,"column":13},"end":{"line":14,"column":25}}},"4":{"name":"(anonymous_4)","line":19,"loc":{"start":{"line":19,"column":13},"end":{"line":19,"column":25}}},"5":{"name":"(anonymous_5)","line":24,"loc":{"start":{"line":24,"column":13},"end":{"line":24,"column":25}}},"6":{"name":"(anonymous_6)","line":25,"loc":{"start":{"line":25,"column":13},"end":{"line":25,"column":30}}},"7":{"name":"(anonymous_7)","line":38,"loc":{"start":{"line":38,"column":28},"end":{"line":38,"column":40}}},"8":{"name":"(anonymous_8)","line":41,"loc":{"start":{"line":41,"column":27},"end":{"line":41,"column":39}}},"9":{"name":"(anonymous_9)","line":61,"loc":{"start":{"line":61,"column":28},"end":{"line":61,"column":40}}},"10":{"name":"(anonymous_10)","line":64,"loc":{"start":{"line":64,"column":29},"end":{"line":64,"column":41}}},"11":{"name":"(anonymous_11)","line":67,"loc":{"start":{"line":67,"column":27},"end":{"line":67,"column":39}}},"12":{"name":"(anonymous_12)","line":70,"loc":{"start":{"line":70,"column":40},"end":{"line":70,"column":74}}},"13":{"name":"(anonymous_13)","line":73,"loc":{"start":{"line":73,"column":41},"end":{"line":73,"column":76}}},"14":{"name":"(anonymous_14)","line":76,"loc":{"start":{"line":76,"column":31},"end":{"line":76,"column":43}}},"15":{"name":"(anonymous_15)","line":84,"loc":{"start":{"line":84,"column":37},"end":{"line":84,"column":55}}},"16":{"name":"(anonymous_16)","line":88,"loc":{"start":{"line":88,"column":44},"end":{"line":88,"column":64}}}},"statementMap":{"1":{"start":{"line":2,"column":0},"end":{"line":2,"column":62}},"2":{"start":{"line":3,"column":0},"end":{"line":94,"column":5}},"3":{"start":{"line":4,"column":4},"end":{"line":12,"column":5}},"4":{"start":{"line":5,"column":8},"end":{"line":5,"column":45}},"5":{"start":{"line":7,"column":8},"end":{"line":7,"column":34}},"6":{"start":{"line":8,"column":8},"end":{"line":8,"column":29}},"7":{"start":{"line":9,"column":8},"end":{"line":9,"column":30}},"8":{"start":{"line":10,"column":8},"end":{"line":10,"column":50}},"9":{"start":{"line":11,"column":8},"end":{"line":11,"column":51}},"10":{"start":{"line":13,"column":4},"end":{"line":17,"column":7}},"11":{"start":{"line":14,"column":27},"end":{"line":14,"column":48}},"12":{"start":{"line":18,"column":4},"end":{"line":22,"column":7}},"13":{"start":{"line":19,"column":27},"end":{"line":19,"column":48}},"14":{"start":{"line":23,"column":4},"end":{"line":37,"column":7}},"15":{"start":{"line":24,"column":27},"end":{"line":24,"column":49}},"16":{"start":{"line":26,"column":12},"end":{"line":26,"column":46}},"17":{"start":{"line":27,"column":12},"end":{"line":33,"column":13}},"18":{"start":{"line":28,"column":16},"end":{"line":28,"column":39}},"19":{"start":{"line":29,"column":16},"end":{"line":32,"column":17}},"20":{"start":{"line":30,"column":20},"end":{"line":30,"column":55}},"21":{"start":{"line":31,"column":20},"end":{"line":31,"column":58}},"22":{"start":{"line":38,"column":4},"end":{"line":60,"column":6}},"23":{"start":{"line":39,"column":8},"end":{"line":39,"column":25}},"24":{"start":{"line":40,"column":8},"end":{"line":40,"column":29}},"25":{"start":{"line":41,"column":8},"end":{"line":58,"column":10}},"26":{"start":{"line":42,"column":12},"end":{"line":57,"column":23}},"27":{"start":{"line":43,"column":16},"end":{"line":43,"column":33}},"28":{"start":{"line":44,"column":16},"end":{"line":44,"column":47}},"29":{"start":{"line":46,"column":17},"end":{"line":57,"column":23}},"30":{"start":{"line":47,"column":16},"end":{"line":47,"column":39}},"31":{"start":{"line":48,"column":16},"end":{"line":51,"column":17}},"32":{"start":{"line":49,"column":20},"end":{"line":49,"column":54}},"33":{"start":{"line":50,"column":20},"end":{"line":50,"column":43}},"34":{"start":{"line":52,"column":16},"end":{"line":52,"column":23}},"35":{"start":{"line":54,"column":17},"end":{"line":57,"column":23}},"36":{"start":{"line":55,"column":16},"end":{"line":55,"column":47}},"37":{"start":{"line":56,"column":17},"end":{"line":57,"column":23}},"38":{"start":{"line":57,"column":16},"end":{"line":57,"column":23}},"39":{"start":{"line":59,"column":8},"end":{"line":59,"column":39}},"40":{"start":{"line":61,"column":4},"end":{"line":63,"column":6}},"41":{"start":{"line":62,"column":8},"end":{"line":62,"column":30}},"42":{"start":{"line":64,"column":4},"end":{"line":66,"column":6}},"43":{"start":{"line":65,"column":8},"end":{"line":65,"column":29}},"44":{"start":{"line":67,"column":4},"end":{"line":69,"column":6}},"45":{"start":{"line":68,"column":8},"end":{"line":68,"column":29}},"46":{"start":{"line":70,"column":4},"end":{"line":72,"column":6}},"47":{"start":{"line":71,"column":8},"end":{"line":71,"column":65}},"48":{"start":{"line":73,"column":4},"end":{"line":75,"column":6}},"49":{"start":{"line":74,"column":8},"end":{"line":74,"column":67}},"50":{"start":{"line":76,"column":4},"end":{"line":83,"column":6}},"51":{"start":{"line":77,"column":8},"end":{"line":77,"column":43}},"52":{"start":{"line":78,"column":8},"end":{"line":78,"column":68}},"53":{"start":{"line":79,"column":8},"end":{"line":79,"column":29}},"54":{"start":{"line":80,"column":8},"end":{"line":80,"column":69}},"55":{"start":{"line":81,"column":8},"end":{"line":81,"column":69}},"56":{"start":{"line":82,"column":8},"end":{"line":82,"column":89}},"57":{"start":{"line":84,"column":4},"end":{"line":87,"column":6}},"58":{"start":{"line":85,"column":8},"end":{"line":85,"column":51}},"59":{"start":{"line":86,"column":8},"end":{"line":86,"column":100}},"60":{"start":{"line":88,"column":4},"end":{"line":92,"column":6}},"61":{"start":{"line":89,"column":8},"end":{"line":91,"column":9}},"62":{"start":{"line":90,"column":12},"end":{"line":90,"column":67}},"63":{"start":{"line":93,"column":4},"end":{"line":93,"column":17}},"64":{"start":{"line":95,"column":0},"end":{"line":95,"column":22}}},"branchMap":{"1":{"line":27,"type":"if","locations":[{"start":{"line":27,"column":12},"end":{"line":27,"column":12}},{"start":{"line":27,"column":12},"end":{"line":27,"column":12}}]},"2":{"line":42,"type":"if","locations":[{"start":{"line":42,"column":12},"end":{"line":42,"column":12}},{"start":{"line":42,"column":12},"end":{"line":42,"column":12}}]},"3":{"line":42,"type":"binary-expr","locations":[{"start":{"line":42,"column":16},"end":{"line":42,"column":29}},{"start":{"line":42,"column":33},"end":{"line":42,"column":47}},{"start":{"line":42,"column":51},"end":{"line":42,"column":69}}]},"4":{"line":46,"type":"if","locations":[{"start":{"line":46,"column":17},"end":{"line":46,"column":17}},{"start":{"line":46,"column":17},"end":{"line":46,"column":17}}]},"5":{"line":46,"type":"binary-expr","locations":[{"start":{"line":46,"column":21},"end":{"line":46,"column":34}},{"start":{"line":46,"column":38},"end":{"line":46,"column":52}},{"start":{"line":46,"column":56},"end":{"line":46,"column":76}}]},"6":{"line":54,"type":"if","locations":[{"start":{"line":54,"column":17},"end":{"line":54,"column":17}},{"start":{"line":54,"column":17},"end":{"line":54,"column":17}}]},"7":{"line":56,"type":"if","locations":[{"start":{"line":56,"column":17},"end":{"line":56,"column":17}},{"start":{"line":56,"column":17},"end":{"line":56,"column":17}}]},"8":{"line":86,"type":"cond-expr","locations":[{"start":{"line":86,"column":42},"end":{"line":86,"column":84}},{"start":{"line":86,"column":87},"end":{"line":86,"column":99}}]},"9":{"line":89,"type":"if","locations":[{"start":{"line":89,"column":8},"end":{"line":89,"column":8}},{"start":{"line":89,"column":8},"end":{"line":89,"column":8}}]}}},"C:\\Users\\daze\\Desktop\\SharpTimer\\dist\\src\\timespan.js":{"path":"C:\\Users\\daze\\Desktop\\SharpTimer\\dist\\src\\timespan.js","s":{"1":1,"2":1,"3":1,"4":1,"5":26,"6":1,"7":27,"8":1,"9":3,"10":1,"11":3,"12":1,"13":3,"14":1,"15":3,"16":1,"17":1,"18":1,"19":1,"20":1,"21":1,"22":1,"23":1,"24":1,"25":19,"26":1,"27":3,"28":1,"29":2,"30":1,"31":1,"32":1,"33":1,"34":1,"35":1,"36":1,"37":2,"38":1,"39":1,"40":1,"41":1,"42":1,"43":1,"44":1,"45":1},"b":{"1":[1,2],"2":[1,1]},"f":{"1":1,"2":26,"3":27,"4":3,"5":3,"6":3,"7":3,"8":1,"9":1,"10":1,"11":1,"12":19,"13":3,"14":1,"15":1,"16":2,"17":1,"18":1,"19":1},"fnMap":{"1":{"name":"(anonymous_1)","line":4,"loc":{"start":{"line":4,"column":16},"end":{"line":4,"column":28}}},"2":{"name":"Timespan","line":5,"loc":{"start":{"line":5,"column":4},"end":{"line":5,"column":36}}},"3":{"name":"(anonymous_3)","line":9,"loc":{"start":{"line":9,"column":13},"end":{"line":9,"column":25}}},"4":{"name":"(anonymous_4)","line":16,"loc":{"start":{"line":16,"column":13},"end":{"line":16,"column":25}}},"5":{"name":"(anonymous_5)","line":23,"loc":{"start":{"line":23,"column":13},"end":{"line":23,"column":25}}},"6":{"name":"(anonymous_6)","line":30,"loc":{"start":{"line":30,"column":13},"end":{"line":30,"column":25}}},"7":{"name":"(anonymous_7)","line":37,"loc":{"start":{"line":37,"column":13},"end":{"line":37,"column":25}}},"8":{"name":"(anonymous_8)","line":43,"loc":{"start":{"line":43,"column":24},"end":{"line":43,"column":40}}},"9":{"name":"(anonymous_9)","line":46,"loc":{"start":{"line":46,"column":25},"end":{"line":46,"column":42}}},"10":{"name":"(anonymous_10)","line":50,"loc":{"start":{"line":50,"column":27},"end":{"line":50,"column":46}}},"11":{"name":"(anonymous_11)","line":53,"loc":{"start":{"line":53,"column":27},"end":{"line":53,"column":46}}},"12":{"name":"(anonymous_12)","line":56,"loc":{"start":{"line":56,"column":32},"end":{"line":56,"column":56}}},"13":{"name":"(anonymous_13)","line":59,"loc":{"start":{"line":59,"column":23},"end":{"line":59,"column":41}}},"14":{"name":"(anonymous_14)","line":70,"loc":{"start":{"line":70,"column":22},"end":{"line":70,"column":40}}},"15":{"name":"(anonymous_15)","line":73,"loc":{"start":{"line":73,"column":36},"end":{"line":73,"column":56}}},"16":{"name":"(anonymous_16)","line":76,"loc":{"start":{"line":76,"column":42},"end":{"line":76,"column":62}}},"17":{"name":"(anonymous_17)","line":79,"loc":{"start":{"line":79,"column":29},"end":{"line":79,"column":49}}},"18":{"name":"(anonymous_18)","line":82,"loc":{"start":{"line":82,"column":35},"end":{"line":82,"column":55}}},"19":{"name":"(anonymous_19)","line":85,"loc":{"start":{"line":85,"column":32},"end":{"line":85,"column":44}}}},"statementMap":{"1":{"start":{"line":2,"column":0},"end":{"line":2,"column":62}},"2":{"start":{"line":3,"column":0},"end":{"line":3,"column":41}},"3":{"start":{"line":4,"column":0},"end":{"line":89,"column":5}},"4":{"start":{"line":5,"column":4},"end":{"line":7,"column":5}},"5":{"start":{"line":6,"column":8},"end":{"line":6,"column":42}},"6":{"start":{"line":8,"column":4},"end":{"line":14,"column":7}},"7":{"start":{"line":10,"column":12},"end":{"line":10,"column":38}},"8":{"start":{"line":15,"column":4},"end":{"line":21,"column":7}},"9":{"start":{"line":17,"column":12},"end":{"line":17,"column":68}},"10":{"start":{"line":22,"column":4},"end":{"line":28,"column":7}},"11":{"start":{"line":24,"column":12},"end":{"line":24,"column":80}},"12":{"start":{"line":29,"column":4},"end":{"line":35,"column":7}},"13":{"start":{"line":31,"column":12},"end":{"line":31,"column":78}},"14":{"start":{"line":36,"column":4},"end":{"line":42,"column":7}},"15":{"start":{"line":38,"column":12},"end":{"line":38,"column":77}},"16":{"start":{"line":43,"column":4},"end":{"line":45,"column":6}},"17":{"start":{"line":44,"column":8},"end":{"line":44,"column":61}},"18":{"start":{"line":46,"column":4},"end":{"line":48,"column":6}},"19":{"start":{"line":47,"column":8},"end":{"line":47,"column":63}},"20":{"start":{"line":50,"column":4},"end":{"line":52,"column":6}},"21":{"start":{"line":51,"column":8},"end":{"line":51,"column":67}},"22":{"start":{"line":53,"column":4},"end":{"line":55,"column":6}},"23":{"start":{"line":54,"column":8},"end":{"line":54,"column":67}},"24":{"start":{"line":56,"column":4},"end":{"line":58,"column":6}},"25":{"start":{"line":57,"column":8},"end":{"line":57,"column":42}},"26":{"start":{"line":59,"column":4},"end":{"line":69,"column":6}},"27":{"start":{"line":60,"column":8},"end":{"line":68,"column":9}},"28":{"start":{"line":61,"column":12},"end":{"line":61,"column":21}},"29":{"start":{"line":63,"column":13},"end":{"line":68,"column":9}},"30":{"start":{"line":64,"column":12},"end":{"line":64,"column":22}},"31":{"start":{"line":67,"column":12},"end":{"line":67,"column":21}},"32":{"start":{"line":70,"column":4},"end":{"line":72,"column":6}},"33":{"start":{"line":71,"column":8},"end":{"line":71,"column":53}},"34":{"start":{"line":73,"column":4},"end":{"line":75,"column":6}},"35":{"start":{"line":74,"column":8},"end":{"line":74,"column":52}},"36":{"start":{"line":76,"column":4},"end":{"line":78,"column":6}},"37":{"start":{"line":77,"column":8},"end":{"line":77,"column":52}},"38":{"start":{"line":79,"column":4},"end":{"line":81,"column":6}},"39":{"start":{"line":80,"column":8},"end":{"line":80,"column":72}},"40":{"start":{"line":82,"column":4},"end":{"line":84,"column":6}},"41":{"start":{"line":83,"column":8},"end":{"line":83,"column":72}},"42":{"start":{"line":85,"column":4},"end":{"line":87,"column":6}},"43":{"start":{"line":86,"column":8},"end":{"line":86,"column":49}},"44":{"start":{"line":88,"column":4},"end":{"line":88,"column":20}},"45":{"start":{"line":90,"column":0},"end":{"line":90,"column":28}}},"branchMap":{"1":{"line":60,"type":"if","locations":[{"start":{"line":60,"column":8},"end":{"line":60,"column":8}},{"start":{"line":60,"column":8},"end":{"line":60,"column":8}}]},"2":{"line":63,"type":"if","locations":[{"start":{"line":63,"column":13},"end":{"line":63,"column":13}},{"start":{"line":63,"column":13},"end":{"line":63,"column":13}}]}}}}