TN:
SF:C:\Users\daze\Desktop\SharpTimer\dist\src\stopwatch.js
FN:4,(anonymous_1)
FN:5,Stopwatch
FN:13,(anonymous_3)
FN:27,(anonymous_4)
FN:34,(anonymous_5)
FN:41,(anonymous_6)
FN:48,(anonymous_7)
FN:55,(anonymous_8)
FN:61,(anonymous_9)
FN:66,(anonymous_10)
FN:71,(anonymous_11)
FN:80,(anonymous_12)
FN:83,(anonymous_13)
FN:88,(anonymous_14)
FN:92,(anonymous_15)
FN:94,(anonymous_16)
FN:98,(anonymous_17)
FNF:17
FNH:12
FNDA:1,(anonymous_1)
FNDA:12,Stopwatch
FNDA:0,(anonymous_3)
FNDA:31,(anonymous_4)
FNDA:0,(anonymous_5)
FNDA:0,(anonymous_6)
FNDA:0,(anonymous_7)
FNDA:484,(anonymous_8)
FNDA:1,(anonymous_9)
FNDA:12,(anonymous_10)
FNDA:460,(anonymous_11)
FNDA:3,(anonymous_12)
FNDA:3,(anonymous_13)
FNDA:1,(anonymous_14)
FNDA:10,(anonymous_15)
FNDA:11,(anonymous_16)
FNDA:0,(anonymous_17)
DA:2,1
DA:3,1
DA:4,1
DA:5,1
DA:7,12
DA:8,12
DA:9,12
DA:10,12
DA:12,1
DA:14,0
DA:15,0
DA:16,0
DA:17,0
DA:18,0
DA:19,0
DA:20,0
DA:21,0
DA:26,1
DA:28,31
DA:33,1
DA:35,0
DA:40,1
DA:42,0
DA:47,1
DA:49,0
DA:54,1
DA:56,484
DA:61,1
DA:62,1
DA:63,1
DA:64,1
DA:66,1
DA:67,12
DA:68,12
DA:69,12
DA:71,12
DA:72,460
DA:73,442
DA:76,18
DA:78,12
DA:80,1
DA:81,3
DA:83,1
DA:84,3
DA:85,3
DA:86,3
DA:88,1
DA:89,1
DA:90,1
DA:92,1
DA:93,10
DA:94,10
DA:95,11
DA:98,1
DA:99,0
DA:100,0
DA:101,0
DA:103,1
DA:105,1
LF:59
LH:45
BRDA:68,1,0,12
BRDA:68,1,1,0
BRDA:72,2,0,442
BRDA:72,2,1,18
BRDA:100,3,0,0
BRDA:100,3,1,0
BRDA:101,4,0,0
BRDA:101,4,1,0
BRF:8
BRH:3
end_of_record
TN:
SF:C:\Users\daze\Desktop\SharpTimer\dist\src\constants.js
FNF:0
FNH:0
DA:2,1
DA:3,1
DA:4,1
DA:5,1
DA:6,1
LF:5
LH:5
BRF:0
BRH:0
end_of_record
TN:
SF:C:\Users\daze\Desktop\SharpTimer\dist\src\timer.js
FN:3,(anonymous_1)
FN:4,Timer
FN:14,(anonymous_3)
FN:19,(anonymous_4)
FN:24,(anonymous_5)
FN:25,(anonymous_6)
FN:38,(anonymous_7)
FN:41,(anonymous_8)
FN:61,(anonymous_9)
FN:64,(anonymous_10)
FN:67,(anonymous_11)
FN:70,(anonymous_12)
FN:73,(anonymous_13)
FN:76,(anonymous_14)
FN:84,(anonymous_15)
FN:88,(anonymous_16)
FNF:16
FNH:16
FNDA:1,(anonymous_1)
FNDA:16,Timer
FNDA:16,(anonymous_3)
FNDA:13,(anonymous_4)
FNDA:22,(anonymous_5)
FNDA:5,(anonymous_6)
FNDA:8,(anonymous_7)
FNDA:7,(anonymous_8)
FNDA:2,(anonymous_9)
FNDA:1,(anonymous_10)
FNDA:5,(anonymous_11)
FNDA:1,(anonymous_12)
FNDA:1,(anonymous_13)
FNDA:7,(anonymous_14)
FNDA:14,(anonymous_15)
FNDA:21,(anonymous_16)
DA:2,1
DA:3,1
DA:4,1
DA:5,16
DA:7,15
DA:8,15
DA:9,15
DA:10,15
DA:11,15
DA:13,1
DA:14,16
DA:18,1
DA:19,13
DA:23,1
DA:24,22
DA:26,5
DA:27,5
DA:28,5
DA:29,5
DA:30,1
DA:31,1
DA:38,1
DA:39,8
DA:40,8
DA:41,8
DA:42,7
DA:43,5
DA:44,5
DA:46,2
DA:47,1
DA:48,1
DA:49,1
DA:50,1
DA:52,1
DA:54,1
DA:55,0
DA:56,1
DA:57,1
DA:59,8
DA:61,1
DA:62,2
DA:64,1
DA:65,1
DA:67,1
DA:68,5
DA:70,1
DA:71,1
DA:73,1
DA:74,1
DA:76,1
DA:77,7
DA:78,7
DA:79,7
DA:80,7
DA:81,7
DA:82,7
DA:84,1
DA:85,14
DA:86,14
DA:88,1
DA:89,21
DA:90,1
DA:93,1
DA:95,1
LF:64
LH:63
BRDA:27,1,0,5
BRDA:27,1,1,0
BRDA:42,2,0,5
BRDA:42,2,1,2
BRDA:42,3,0,7
BRDA:42,3,1,7
BRDA:42,3,2,6
BRDA:46,4,0,1
BRDA:46,4,1,1
BRDA:46,5,0,2
BRDA:46,5,1,2
BRDA:46,5,2,1
BRDA:54,6,0,0
BRDA:54,6,1,1
BRDA:56,7,0,1
BRDA:56,7,1,0
BRDA:86,8,0,5
BRDA:86,8,1,9
BRDA:89,9,0,1
BRDA:89,9,1,20
BRF:20
BRH:17
end_of_record
TN:
SF:C:\Users\daze\Desktop\SharpTimer\dist\src\timespan.js
FN:4,(anonymous_1)
FN:5,Timespan
FN:9,(anonymous_3)
FN:16,(anonymous_4)
FN:23,(anonymous_5)
FN:30,(anonymous_6)
FN:37,(anonymous_7)
FN:43,(anonymous_8)
FN:46,(anonymous_9)
FN:50,(anonymous_10)
FN:53,(anonymous_11)
FN:56,(anonymous_12)
FN:59,(anonymous_13)
FN:70,(anonymous_14)
FN:73,(anonymous_15)
FN:76,(anonymous_16)
FN:79,(anonymous_17)
FN:82,(anonymous_18)
FN:85,(anonymous_19)
FNF:19
FNH:19
FNDA:1,(anonymous_1)
FNDA:26,Timespan
FNDA:27,(anonymous_3)
FNDA:3,(anonymous_4)
FNDA:3,(anonymous_5)
FNDA:3,(anonymous_6)
FNDA:3,(anonymous_7)
FNDA:1,(anonymous_8)
FNDA:1,(anonymous_9)
FNDA:1,(anonymous_10)
FNDA:1,(anonymous_11)
FNDA:19,(anonymous_12)
FNDA:3,(anonymous_13)
FNDA:1,(anonymous_14)
FNDA:1,(anonymous_15)
FNDA:2,(anonymous_16)
FNDA:1,(anonymous_17)
FNDA:1,(anonymous_18)
FNDA:1,(anonymous_19)
DA:2,1
DA:3,1
DA:4,1
DA:5,1
DA:6,26
DA:8,1
DA:10,27
DA:15,1
DA:17,3
DA:22,1
DA:24,3
DA:29,1
DA:31,3
DA:36,1
DA:38,3
DA:43,1
DA:44,1
DA:46,1
DA:47,1
DA:50,1
DA:51,1
DA:53,1
DA:54,1
DA:56,1
DA:57,19
DA:59,1
DA:60,3
DA:61,1
DA:63,2
DA:64,1
DA:67,1
DA:70,1
DA:71,1
DA:73,1
DA:74,1
DA:76,1
DA:77,2
DA:79,1
DA:80,1
DA:82,1
DA:83,1
DA:85,1
DA:86,1
DA:88,1
DA:90,1
LF:45
LH:45
BRDA:60,1,0,1
BRDA:60,1,1,2
BRDA:63,2,0,1
BRDA:63,2,1,1
BRF:4
BRH:4
end_of_record
